<?xml version="1.0" encoding="UTF-8"?>
<!-- Generated by org.testng.reporters.JUnitXMLReporter -->
<testsuite ignored="6" hostname="DESKTOP-URHJUUA" failures="0" tests="4" name="Test" time="135.533" errors="0" timestamp="2024-04-16T22:24:52 IST">
  <testcase classname="demo.ITGCITACDashBoard" name="itgcdashboardDashboard" time="57.012"/>
  <testcase classname="demo.itacTest" name="itacTest" time="23.125"/>
  <testcase classname="demo.itgcTest" name="itgcTest" time="22.089"/>
  <testcase classname="demo.sodSelectionTest" name="sodSelectionTest" time="22.492"/>
  <testcase classname="GenericUtils.BaseClass" name="@AfterSuite closeDB" time="0.0">
    <ignored/>
  </testcase> <!-- @AfterSuite closeDB -->
  <testcase classname="GenericUtils.BaseClass" name="@AfterSuite closeDB" time="0.0">
    <ignored/>
  </testcase> <!-- @AfterSuite closeDB -->
  <testcase classname="GenericUtils.BaseClass" name="@BeforeSuite bSuite" time="0.0">
    <ignored/>
  </testcase> <!-- @BeforeSuite bSuite -->
  <testcase classname="GenericUtils.BaseClass" name="@BeforeSuite bSuite" time="0.0">
    <ignored/>
  </testcase> <!-- @BeforeSuite bSuite -->
  <testcase classname="GenericUtils.BaseClass" name="@AfterSuite closeDB" time="0.0">
    <ignored/>
  </testcase> <!-- @AfterSuite closeDB -->
  <testcase classname="GenericUtils.BaseClass" name="@BeforeSuite bSuite" time="0.0">
    <ignored/>
  </testcase> <!-- @BeforeSuite bSuite -->
</testsuite> <!-- Test -->
