<?xml version="1.0" encoding="UTF-8"?>
<!-- Generated by org.testng.reporters.JUnitXMLReporter -->
<testsuite ignored="6" hostname="DESKTOP-URHJUUA" failures="0" tests="4" name="Test" time="153.851" errors="0" timestamp="2024-04-17T13:47:07 IST">
  <testcase classname="demo.ITGCITACDashBoard" name="itgcdashboardDashboard" time="61.464"/>
  <testcase classname="demo.itacTest" name="itacTest" time="23.766"/>
  <testcase classname="demo.itgcTest" name="itgcTest" time="25.546"/>
  <testcase classname="demo.sodSelectionTest" name="sodSelectionTest" time="31.293"/>
  <testcase classname="GenericUtils.BaseClass" name="@AfterSuite closeDB" time="0.0">
    <ignored/>
  </testcase> <!-- @AfterSuite closeDB -->
  <testcase classname="GenericUtils.BaseClass" name="@AfterSuite closeDB" time="0.0">
    <ignored/>
  </testcase> <!-- @AfterSuite closeDB -->
  <testcase classname="GenericUtils.BaseClass" name="@BeforeSuite bSuite" time="0.0">
    <ignored/>
  </testcase> <!-- @BeforeSuite bSuite -->
  <testcase classname="GenericUtils.BaseClass" name="@BeforeSuite bSuite" time="0.0">
    <ignored/>
  </testcase> <!-- @BeforeSuite bSuite -->
  <testcase classname="GenericUtils.BaseClass" name="@AfterSuite closeDB" time="0.0">
    <ignored/>
  </testcase> <!-- @AfterSuite closeDB -->
  <testcase classname="GenericUtils.BaseClass" name="@BeforeSuite bSuite" time="0.0">
    <ignored/>
  </testcase> <!-- @BeforeSuite bSuite -->
</testsuite> <!-- Test -->
