<?xml version="1.0" encoding="UTF-8"?>
<!-- Generated by org.testng.reporters.JUnitXMLReporter -->
<testsuite ignored="2" hostname="DESKTOP-URHJUUA" failures="0" tests="2" name="Test" time="71.649" errors="0" timestamp="2024-07-31T10:58:18 IST">
  <testcase classname="demo.Securitycockpittext" name="Security" time="27.208"/>
  <testcase classname="demo.ITGCITACDashBoard" name="itgcdashboardDashboard" time="38.196"/>
  <testcase classname="GenericUtils.BaseClass" name="@AfterSuite closeDB" time="0.0">
    <ignored/>
  </testcase> <!-- @AfterSuite closeDB -->
  <testcase classname="GenericUtils.BaseClass" name="@BeforeSuite bSuite" time="0.0">
    <ignored/>
  </testcase> <!-- @BeforeSuite bSuite -->
</testsuite> <!-- Test -->
