<?xml version="1.0" encoding="UTF-8"?>
<testng-results ignored="0" total="1" passed="1" failed="0" skipped="0">
  <reporter-output>
  </reporter-output>
  <suite started-at="2023-04-20T09:44:24 IST" name="Default suite" finished-at="2023-04-20T09:44:31 IST" duration-ms="7904">
    <groups>
    </groups>
    <test started-at="2023-04-20T09:44:24 IST" name="Default test" finished-at="2023-04-20T09:44:31 IST" duration-ms="7904">
      <class name="demo.Developer">
        <test-method is-config="true" signature="bSuite()[pri:0, instance:demo.Developer@223aa2f7]" started-at="2023-04-20T09:44:24 IST" name="bSuite" finished-at="2023-04-20T09:44:24 IST" duration-ms="11" status="PASS">
          <reporter-output>
          </reporter-output>
        </test-method> <!-- bSuite -->
        <test-method is-config="true" signature="launchBrowser()[pri:0, instance:demo.Developer@223aa2f7]" started-at="2023-04-20T09:44:24 IST" name="launchBrowser" finished-at="2023-04-20T09:44:25 IST" duration-ms="1832" status="PASS">
          <reporter-output>
          </reporter-output>
        </test-method> <!-- launchBrowser -->
        <test-method is-config="true" signature="loginToApp()[pri:0, instance:demo.Developer@223aa2f7]" started-at="2023-04-20T09:44:25 IST" name="loginToApp" finished-at="2023-04-20T09:44:30 IST" duration-ms="4916" status="PASS">
          <reporter-output>
          </reporter-output>
        </test-method> <!-- loginToApp -->
        <test-method signature="Developerpage()[pri:0, instance:demo.Developer@223aa2f7]" started-at="2023-04-20T09:44:30 IST" name="Developerpage" finished-at="2023-04-20T09:44:31 IST" duration-ms="1130" status="PASS">
          <reporter-output>
          </reporter-output>
        </test-method> <!-- Developerpage -->
        <test-method is-config="true" signature="logoutApp()[pri:0, instance:demo.Developer@223aa2f7]" started-at="2023-04-20T09:44:31 IST" name="logoutApp" finished-at="2023-04-20T09:44:31 IST" duration-ms="0" status="PASS">
          <reporter-output>
          </reporter-output>
        </test-method> <!-- logoutApp -->
        <test-method is-config="true" signature="closeBrowser()[pri:0, instance:demo.Developer@223aa2f7]" started-at="2023-04-20T09:44:31 IST" name="closeBrowser" finished-at="2023-04-20T09:44:31 IST" duration-ms="0" status="PASS">
          <reporter-output>
          </reporter-output>
        </test-method> <!-- closeBrowser -->
        <test-method is-config="true" signature="closeDB()[pri:0, instance:demo.Developer@223aa2f7]" started-at="2023-04-20T09:44:32 IST" name="closeDB" finished-at="2023-04-20T09:44:32 IST" duration-ms="1" status="PASS">
          <reporter-output>
          </reporter-output>
        </test-method> <!-- closeDB -->
      </class> <!-- demo.Developer -->
    </test> <!-- Default test -->
  </suite> <!-- Default suite -->
</testng-results>
