<?xml version="1.0" encoding="UTF-8"?>
<!-- Generated by org.testng.reporters.JUnitXMLReporter -->
<testsuite ignored="2" hostname="DESKTOP-URHJUUA" failures="0" tests="2" name="Test" time="57.522" errors="0" timestamp="2023-12-21T22:09:42 IST">
  <testcase classname="demo.login" name="LoginPage" time="5.553"/>
  <testcase classname="demo.Registerclient" name="REGISTERNEWCLIENT" time="46.661"/>
  <testcase classname="GenericUtils.BaseClass" name="@BeforeSuite bSuite" time="0.0">
    <ignored/>
  </testcase> <!-- @BeforeSuite bSuite -->
  <testcase classname="GenericUtils.BaseClass" name="@AfterSuite closeDB" time="0.0">
    <ignored/>
  </testcase> <!-- @AfterSuite closeDB -->
</testsuite> <!-- Test -->
